<?xml version="1.0" encoding="UTF-8"?>
<testng-results skipped="0" failed="4" ignored="0" total="15" passed="11">
  <reporter-output>
  </reporter-output>
  <suite name="All Test Suite" duration-ms="808291" started-at="2020-08-23T20:56:05 IST" finished-at="2020-08-23T21:09:34 IST">
    <groups>
    </groups>
    <test name="Test" duration-ms="808291" started-at="2020-08-23T20:56:05 IST" finished-at="2020-08-23T21:09:34 IST">
      <class name="tests.MultiSelectListTests">
        <test-method status="PASS" signature="setUp()[pri:0, instance:tests.MultiSelectListTests@e874448]" name="setUp" is-config="true" duration-ms="5261" started-at="2020-08-23T21:08:09 IST" finished-at="2020-08-23T21:08:15 IST">
          <reporter-output>
          </reporter-output>
        </test-method> <!-- setUp -->
        <test-method status="PASS" signature="multiSelectList()[pri:15, instance:tests.MultiSelectListTests@e874448]" name="multiSelectList" duration-ms="78360" started-at="2020-08-23T21:08:15 IST" finished-at="2020-08-23T21:09:33 IST">
          <reporter-output>
          </reporter-output>
        </test-method> <!-- multiSelectList -->
        <test-method status="PASS" signature="tearDown()[pri:0, instance:tests.MultiSelectListTests@e874448]" name="tearDown" is-config="true" duration-ms="773" started-at="2020-08-23T21:09:33 IST" finished-at="2020-08-23T21:09:34 IST">
          <reporter-output>
          </reporter-output>
        </test-method> <!-- tearDown -->
      </class> <!-- tests.MultiSelectListTests -->
      <class name="tests.SingleCheckboxTest">
        <test-method status="PASS" signature="setUp()[pri:0, instance:tests.SingleCheckboxTest@5bb21b69]" name="setUp" is-config="true" duration-ms="6452" started-at="2020-08-23T20:58:43 IST" finished-at="2020-08-23T20:58:50 IST">
          <reporter-output>
          </reporter-output>
        </test-method> <!-- setUp -->
        <test-method status="PASS" signature="singleCheckboxDemo()[pri:5, instance:tests.SingleCheckboxTest@5bb21b69]" name="singleCheckboxDemo" duration-ms="26786" started-at="2020-08-23T20:58:50 IST" finished-at="2020-08-23T20:59:16 IST">
          <reporter-output>
          </reporter-output>
        </test-method> <!-- singleCheckboxDemo -->
        <test-method status="PASS" signature="tearDown()[pri:0, instance:tests.SingleCheckboxTest@5bb21b69]" name="tearDown" is-config="true" duration-ms="634" started-at="2020-08-23T20:59:16 IST" finished-at="2020-08-23T20:59:17 IST">
          <reporter-output>
          </reporter-output>
        </test-method> <!-- tearDown -->
      </class> <!-- tests.SingleCheckboxTest -->
      <class name="tests.MultiSelectListTest">
        <test-method status="PASS" signature="setUp()[pri:0, instance:tests.MultiSelectListTest@1500955a]" name="setUp" is-config="true" duration-ms="5747" started-at="2020-08-23T21:06:55 IST" finished-at="2020-08-23T21:07:01 IST">
          <reporter-output>
          </reporter-output>
        </test-method> <!-- setUp -->
        <test-method status="PASS" signature="multiSelectListDemo()[pri:14, instance:tests.MultiSelectListTest@1500955a]" name="multiSelectListDemo" duration-ms="67423" started-at="2020-08-23T21:07:01 IST" finished-at="2020-08-23T21:08:09 IST">
          <reporter-output>
          </reporter-output>
        </test-method> <!-- multiSelectListDemo -->
        <test-method status="PASS" signature="tearDown()[pri:0, instance:tests.MultiSelectListTest@1500955a]" name="tearDown" is-config="true" duration-ms="756" started-at="2020-08-23T21:08:09 IST" finished-at="2020-08-23T21:08:09 IST">
          <reporter-output>
          </reporter-output>
        </test-method> <!-- tearDown -->
      </class> <!-- tests.MultiSelectListTest -->
      <class name="tests.MultipleRadioButtonTest">
        <test-method status="PASS" signature="setUp()[pri:0, instance:tests.MultipleRadioButtonTest@38bc8ab5]" name="setUp" is-config="true" duration-ms="5533" started-at="2020-08-23T20:59:50 IST" finished-at="2020-08-23T20:59:56 IST">
          <reporter-output>
          </reporter-output>
        </test-method> <!-- setUp -->
        <test-method status="FAIL" signature="multipleRadioButtonDemo()[pri:8, instance:tests.MultipleRadioButtonTest@38bc8ab5]" name="multipleRadioButtonDemo" duration-ms="27853" started-at="2020-08-23T20:59:56 IST" finished-at="2020-08-23T21:00:23 IST">
          <exception class="java.lang.AssertionError">
            <message>
              <![CDATA[expected [true] but found [false]]]>
            </message>
            <full-stacktrace>
              <![CDATA[java.lang.AssertionError: expected [true] but found [false]
at org.testng.Assert.fail(Assert.java:99)
at org.testng.Assert.failNotEquals(Assert.java:1037)
at org.testng.Assert.assertTrue(Assert.java:45)
at org.testng.Assert.assertTrue(Assert.java:55)
at tests.MultipleRadioButtonTest.multipleRadioButtonDemo(MultipleRadioButtonTest.java:51)
at sun.reflect.NativeMethodAccessorImpl.invoke0(Native Method)
at sun.reflect.NativeMethodAccessorImpl.invoke(NativeMethodAccessorImpl.java:62)
at sun.reflect.DelegatingMethodAccessorImpl.invoke(DelegatingMethodAccessorImpl.java:43)
at java.lang.reflect.Method.invoke(Method.java:498)
at org.testng.internal.MethodInvocationHelper.invokeMethod(MethodInvocationHelper.java:132)
at org.testng.internal.TestInvoker.invokeMethod(TestInvoker.java:599)
at org.testng.internal.TestInvoker.invokeTestMethod(TestInvoker.java:174)
at org.testng.internal.MethodRunner.runInSequence(MethodRunner.java:46)
at org.testng.internal.TestInvoker$MethodInvocationAgent.invoke(TestInvoker.java:822)
at org.testng.internal.TestInvoker.invokeTestMethods(TestInvoker.java:147)
at org.testng.internal.TestMethodWorker.invokeTestMethods(TestMethodWorker.java:146)
at org.testng.internal.TestMethodWorker.run(TestMethodWorker.java:128)
at java.util.ArrayList.forEach(ArrayList.java:1257)
at org.testng.TestRunner.privateRun(TestRunner.java:764)
at org.testng.TestRunner.run(TestRunner.java:585)
at org.testng.SuiteRunner.runTest(SuiteRunner.java:384)
at org.testng.SuiteRunner.runSequentially(SuiteRunner.java:378)
at org.testng.SuiteRunner.privateRun(SuiteRunner.java:337)
at org.testng.SuiteRunner.run(SuiteRunner.java:286)
at org.testng.SuiteRunnerWorker.runSuite(SuiteRunnerWorker.java:53)
at org.testng.SuiteRunnerWorker.run(SuiteRunnerWorker.java:96)
at org.testng.TestNG.runSuitesSequentially(TestNG.java:1218)
at org.testng.TestNG.runSuitesLocally(TestNG.java:1140)
at org.testng.TestNG.runSuites(TestNG.java:1069)
at org.testng.TestNG.run(TestNG.java:1037)
at org.testng.remote.AbstractRemoteTestNG.run(AbstractRemoteTestNG.java:115)
at org.testng.remote.RemoteTestNG.initAndRun(RemoteTestNG.java:251)
at org.testng.remote.RemoteTestNG.main(RemoteTestNG.java:77)
]]>
            </full-stacktrace>
          </exception> <!-- java.lang.AssertionError -->
          <reporter-output>
          </reporter-output>
        </test-method> <!-- multipleRadioButtonDemo -->
        <test-method status="PASS" signature="tearDown()[pri:0, instance:tests.MultipleRadioButtonTest@38bc8ab5]" name="tearDown" is-config="true" duration-ms="654" started-at="2020-08-23T21:00:23 IST" finished-at="2020-08-23T21:00:24 IST">
          <reporter-output>
          </reporter-output>
        </test-method> <!-- tearDown -->
      </class> <!-- tests.MultipleRadioButtonTest -->
      <class name="tests.ConfirmboxTest">
        <test-method status="PASS" signature="setUp()[pri:0, instance:tests.ConfirmboxTest@7a9273a8]" name="setUp" is-config="true" duration-ms="5485" started-at="2020-08-23T21:02:31 IST" finished-at="2020-08-23T21:02:37 IST">
          <reporter-output>
          </reporter-output>
        </test-method> <!-- setUp -->
        <test-method status="PASS" signature="dismissConfirm()[pri:11, instance:tests.ConfirmboxTest@7a9273a8]" name="dismissConfirm" duration-ms="76868" started-at="2020-08-23T21:02:37 IST" finished-at="2020-08-23T21:03:54 IST">
          <reporter-output>
          </reporter-output>
        </test-method> <!-- dismissConfirm -->
        <test-method status="PASS" signature="tearDown()[pri:0, instance:tests.ConfirmboxTest@7a9273a8]" name="tearDown" is-config="true" duration-ms="664" started-at="2020-08-23T21:03:54 IST" finished-at="2020-08-23T21:03:54 IST">
          <reporter-output>
          </reporter-output>
        </test-method> <!-- tearDown -->
      </class> <!-- tests.ConfirmboxTest -->
      <class name="tests.PromptboxTest">
        <test-method status="PASS" signature="setUp()[pri:0, instance:tests.PromptboxTest@26a7b76d]" name="setUp" is-config="true" duration-ms="5307" started-at="2020-08-23T21:03:54 IST" finished-at="2020-08-23T21:04:00 IST">
          <reporter-output>
          </reporter-output>
        </test-method> <!-- setUp -->
        <test-method status="PASS" signature="dismissPrompt()[pri:12, instance:tests.PromptboxTest@26a7b76d]" name="dismissPrompt" duration-ms="76807" started-at="2020-08-23T21:04:00 IST" finished-at="2020-08-23T21:05:17 IST">
          <reporter-output>
          </reporter-output>
        </test-method> <!-- dismissPrompt -->
        <test-method status="PASS" signature="tearDown()[pri:0, instance:tests.PromptboxTest@26a7b76d]" name="tearDown" is-config="true" duration-ms="692" started-at="2020-08-23T21:05:17 IST" finished-at="2020-08-23T21:05:17 IST">
          <reporter-output>
          </reporter-output>
        </test-method> <!-- tearDown -->
      </class> <!-- tests.PromptboxTest -->
      <class name="tests.AlertBoxTest">
        <test-method status="PASS" signature="setUp()[pri:0, instance:tests.AlertBoxTest@23d2a7e8]" name="setUp" is-config="true" duration-ms="5260" started-at="2020-08-23T21:01:08 IST" finished-at="2020-08-23T21:01:14 IST">
          <reporter-output>
          </reporter-output>
        </test-method> <!-- setUp -->
        <test-method status="PASS" signature="dismissAlert()[pri:10, instance:tests.AlertBoxTest@23d2a7e8]" name="dismissAlert" duration-ms="76964" started-at="2020-08-23T21:01:14 IST" finished-at="2020-08-23T21:02:31 IST">
          <reporter-output>
          </reporter-output>
        </test-method> <!-- dismissAlert -->
        <test-method status="PASS" signature="tearDown()[pri:0, instance:tests.AlertBoxTest@23d2a7e8]" name="tearDown" is-config="true" duration-ms="650" started-at="2020-08-23T21:02:31 IST" finished-at="2020-08-23T21:02:31 IST">
          <reporter-output>
          </reporter-output>
        </test-method> <!-- tearDown -->
      </class> <!-- tests.AlertBoxTest -->
      <class name="tests.SingleRadioButtonTest">
        <test-method status="PASS" signature="setUp()[pri:0, instance:tests.SingleRadioButtonTest@6b9651f3]" name="setUp" is-config="true" duration-ms="5934" started-at="2020-08-23T20:59:17 IST" finished-at="2020-08-23T20:59:23 IST">
          <reporter-output>
          </reporter-output>
        </test-method> <!-- setUp -->
        <test-method status="FAIL" signature="singleRadioButtonDemo()[pri:7, instance:tests.SingleRadioButtonTest@6b9651f3]" name="singleRadioButtonDemo" duration-ms="26462" started-at="2020-08-23T20:59:23 IST" finished-at="2020-08-23T20:59:49 IST">
          <exception class="java.lang.AssertionError">
            <message>
              <![CDATA[expected [Radio button 'Male' is checked] but found []]]>
            </message>
            <full-stacktrace>
              <![CDATA[java.lang.AssertionError: expected [Radio button 'Male' is checked] but found []
at org.testng.Assert.fail(Assert.java:99)
at org.testng.Assert.failNotEquals(Assert.java:1037)
at org.testng.Assert.assertEqualsImpl(Assert.java:140)
at org.testng.Assert.assertEquals(Assert.java:122)
at org.testng.Assert.assertEquals(Assert.java:629)
at org.testng.Assert.assertEquals(Assert.java:639)
at tests.SingleRadioButtonTest.singleRadioButtonDemo(SingleRadioButtonTest.java:51)
at sun.reflect.NativeMethodAccessorImpl.invoke0(Native Method)
at sun.reflect.NativeMethodAccessorImpl.invoke(NativeMethodAccessorImpl.java:62)
at sun.reflect.DelegatingMethodAccessorImpl.invoke(DelegatingMethodAccessorImpl.java:43)
at java.lang.reflect.Method.invoke(Method.java:498)
at org.testng.internal.MethodInvocationHelper.invokeMethod(MethodInvocationHelper.java:132)
at org.testng.internal.TestInvoker.invokeMethod(TestInvoker.java:599)
at org.testng.internal.TestInvoker.invokeTestMethod(TestInvoker.java:174)
at org.testng.internal.MethodRunner.runInSequence(MethodRunner.java:46)
at org.testng.internal.TestInvoker$MethodInvocationAgent.invoke(TestInvoker.java:822)
at org.testng.internal.TestInvoker.invokeTestMethods(TestInvoker.java:147)
at org.testng.internal.TestMethodWorker.invokeTestMethods(TestMethodWorker.java:146)
at org.testng.internal.TestMethodWorker.run(TestMethodWorker.java:128)
at java.util.ArrayList.forEach(ArrayList.java:1257)
at org.testng.TestRunner.privateRun(TestRunner.java:764)
at org.testng.TestRunner.run(TestRunner.java:585)
at org.testng.SuiteRunner.runTest(SuiteRunner.java:384)
at org.testng.SuiteRunner.runSequentially(SuiteRunner.java:378)
at org.testng.SuiteRunner.privateRun(SuiteRunner.java:337)
at org.testng.SuiteRunner.run(SuiteRunner.java:286)
at org.testng.SuiteRunnerWorker.runSuite(SuiteRunnerWorker.java:53)
at org.testng.SuiteRunnerWorker.run(SuiteRunnerWorker.java:96)
at org.testng.TestNG.runSuitesSequentially(TestNG.java:1218)
at org.testng.TestNG.runSuitesLocally(TestNG.java:1140)
at org.testng.TestNG.runSuites(TestNG.java:1069)
at org.testng.TestNG.run(TestNG.java:1037)
at org.testng.remote.AbstractRemoteTestNG.run(AbstractRemoteTestNG.java:115)
at org.testng.remote.RemoteTestNG.initAndRun(RemoteTestNG.java:251)
at org.testng.remote.RemoteTestNG.main(RemoteTestNG.java:77)
]]>
            </full-stacktrace>
          </exception> <!-- java.lang.AssertionError -->
          <reporter-output>
          </reporter-output>
        </test-method> <!-- singleRadioButtonDemo -->
        <test-method status="PASS" signature="tearDown()[pri:0, instance:tests.SingleRadioButtonTest@6b9651f3]" name="tearDown" is-config="true" duration-ms="638" started-at="2020-08-23T20:59:49 IST" finished-at="2020-08-23T20:59:50 IST">
          <reporter-output>
          </reporter-output>
        </test-method> <!-- tearDown -->
      </class> <!-- tests.SingleRadioButtonTest -->
      <class name="tests.JenkinsPageTests">
        <test-method status="PASS" signature="setUp()[pri:0, instance:tests.JenkinsPageTests@587d1d39]" name="setUp" is-config="true" duration-ms="6525" started-at="2020-08-23T20:56:26 IST" finished-at="2020-08-23T20:56:32 IST">
          <reporter-output>
          </reporter-output>
        </test-method> <!-- setUp -->
        <test-method status="FAIL" signature="jenkinsPageVerifications()[pri:2, instance:tests.JenkinsPageTests@587d1d39]" name="jenkinsPageVerifications" duration-ms="7132" started-at="2020-08-23T20:56:32 IST" finished-at="2020-08-23T20:56:40 IST">
          <exception class="org.openqa.selenium.NoSuchSessionException">
            <message>
              <![CDATA[Session ID is null. Using WebDriver after calling quit()?
Build info: version: '4.0.0-alpha-6', revision: '5f43a29cfc'
System info: host: 'MAHESH', ip: '192.168.1.3', os.name: 'Windows 10', os.arch: 'amd64', os.version: '10.0', java.version: '1.8.0_251'
Driver info: driver.version: RemoteWebDriver]]>
            </message>
            <full-stacktrace>
              <![CDATA[org.openqa.selenium.NoSuchSessionException: Session ID is null. Using WebDriver after calling quit()?
Build info: version: '4.0.0-alpha-6', revision: '5f43a29cfc'
System info: host: 'MAHESH', ip: '192.168.1.3', os.name: 'Windows 10', os.arch: 'amd64', os.version: '10.0', java.version: '1.8.0_251'
Driver info: driver.version: RemoteWebDriver
at org.openqa.selenium.remote.HttpCommandExecutor.execute(HttpCommandExecutor.java:127)
at org.openqa.selenium.remote.service.DriverCommandExecutor.execute(DriverCommandExecutor.java:83)
at org.openqa.selenium.remote.RemoteWebDriver.execute(RemoteWebDriver.java:582)
at org.openqa.selenium.remote.RemoteWebDriver.execute(RemoteWebDriver.java:639)
at org.openqa.selenium.remote.RemoteWebDriver.execute(RemoteWebDriver.java:643)
at org.openqa.selenium.remote.RemoteWebDriver.getCurrentUrl(RemoteWebDriver.java:294)
at org.openqa.selenium.support.ui.ExpectedConditions$4.apply(ExpectedConditions.java:132)
at org.openqa.selenium.support.ui.ExpectedConditions$4.apply(ExpectedConditions.java:127)
at org.openqa.selenium.support.ui.FluentWait.lambda$checkConditionInLoop$2(FluentWait.java:233)
at java.util.concurrent.CompletableFuture$AsyncSupply.run(CompletableFuture.java:1604)
at java.util.concurrent.CompletableFuture$AsyncSupply.exec(CompletableFuture.java:1596)
at java.util.concurrent.ForkJoinTask.doExec(ForkJoinTask.java:289)
at java.util.concurrent.ForkJoinPool$WorkQueue.runTask(ForkJoinPool.java:1056)
at java.util.concurrent.ForkJoinPool.runWorker(ForkJoinPool.java:1692)
at java.util.concurrent.ForkJoinWorkerThread.run(ForkJoinWorkerThread.java:157)
]]>
            </full-stacktrace>
          </exception> <!-- org.openqa.selenium.NoSuchSessionException -->
          <reporter-output>
          </reporter-output>
        </test-method> <!-- jenkinsPageVerifications -->
        <test-method status="PASS" signature="tearDown()[pri:0, instance:tests.JenkinsPageTests@587d1d39]" name="tearDown" is-config="true" duration-ms="903" started-at="2020-08-23T20:56:40 IST" finished-at="2020-08-23T20:56:40 IST">
          <reporter-output>
          </reporter-output>
        </test-method> <!-- tearDown -->
      </class> <!-- tests.JenkinsPageTests -->
      <class name="tests.SelectListTest">
        <test-method status="PASS" signature="setUp()[pri:0, instance:tests.SelectListTest@4abdb505]" name="setUp" is-config="true" duration-ms="6131" started-at="2020-08-23T21:05:17 IST" finished-at="2020-08-23T21:05:23 IST">
          <reporter-output>
          </reporter-output>
        </test-method> <!-- setUp -->
        <test-method status="PASS" signature="selectListDemo()[pri:13, instance:tests.SelectListTest@4abdb505]" name="selectListDemo" duration-ms="57293" started-at="2020-08-23T21:05:23 IST" finished-at="2020-08-23T21:06:21 IST">
          <reporter-output>
          </reporter-output>
        </test-method> <!-- selectListDemo -->
        <test-method status="PASS" signature="tearDown()[pri:0, instance:tests.SelectListTest@4abdb505]" name="tearDown" is-config="true" duration-ms="658" started-at="2020-08-23T21:06:21 IST" finished-at="2020-08-23T21:06:21 IST">
          <reporter-output>
          </reporter-output>
        </test-method> <!-- tearDown -->
      </class> <!-- tests.SelectListTest -->
      <class name="tests.JunitPageTests">
        <test-method status="PASS" signature="setUp()[pri:0, instance:tests.JunitPageTests@2c039ac6]" name="setUp" is-config="true" duration-ms="11621" started-at="2020-08-23T20:56:06 IST" finished-at="2020-08-23T20:56:17 IST">
          <reporter-output>
          </reporter-output>
        </test-method> <!-- setUp -->
        <test-method status="PASS" signature="junitPageVerifications()[pri:1, instance:tests.JunitPageTests@2c039ac6]" name="junitPageVerifications" duration-ms="7679" started-at="2020-08-23T20:56:17 IST" finished-at="2020-08-23T20:56:25 IST">
          <reporter-output>
          </reporter-output>
        </test-method> <!-- junitPageVerifications -->
        <test-method status="PASS" signature="tearDown()[pri:0, instance:tests.JunitPageTests@2c039ac6]" name="tearDown" is-config="true" duration-ms="1060" started-at="2020-08-23T20:56:25 IST" finished-at="2020-08-23T20:56:26 IST">
          <reporter-output>
          </reporter-output>
        </test-method> <!-- tearDown -->
      </class> <!-- tests.JunitPageTests -->
      <class name="tests.AjaxCallsTest">
        <test-method status="PASS" signature="setUp()[pri:0, instance:tests.AjaxCallsTest@687080dc]" name="setUp" is-config="true" duration-ms="6277" started-at="2020-08-23T21:00:24 IST" finished-at="2020-08-23T21:00:30 IST">
          <reporter-output>
          </reporter-output>
        </test-method> <!-- setUp -->
        <test-method status="PASS" signature="ajaxCallsTesting()[pri:9, instance:tests.AjaxCallsTest@687080dc]" name="ajaxCallsTesting" duration-ms="37421" started-at="2020-08-23T21:00:30 IST" finished-at="2020-08-23T21:01:08 IST">
          <reporter-output>
          </reporter-output>
        </test-method> <!-- ajaxCallsTesting -->
        <test-method status="PASS" signature="tearDown()[pri:0, instance:tests.AjaxCallsTest@687080dc]" name="tearDown" is-config="true" duration-ms="637" started-at="2020-08-23T21:01:08 IST" finished-at="2020-08-23T21:01:08 IST">
          <reporter-output>
          </reporter-output>
        </test-method> <!-- tearDown -->
      </class> <!-- tests.AjaxCallsTest -->
      <class name="tests.TwoInputTest">
        <test-method status="PASS" signature="setUp()[pri:0, instance:tests.TwoInputTest@6b57696f]" name="setUp" is-config="true" duration-ms="6244" started-at="2020-08-23T20:57:45 IST" finished-at="2020-08-23T20:57:51 IST">
          <reporter-output>
          </reporter-output>
        </test-method> <!-- setUp -->
        <test-method status="FAIL" signature="startDemoTwoInputs()[pri:4, instance:tests.TwoInputTest@6b57696f]" name="startDemoTwoInputs" duration-ms="50894" started-at="2020-08-23T20:57:51 IST" finished-at="2020-08-23T20:58:42 IST">
          <exception class="java.lang.AssertionError">
            <message>
              <![CDATA[expected [Total a + b = 70] but found [Total a + b = NaN]]]>
            </message>
            <full-stacktrace>
              <![CDATA[java.lang.AssertionError: expected [Total a + b = 70] but found [Total a + b = NaN]
at org.testng.Assert.fail(Assert.java:99)
at org.testng.Assert.failNotEquals(Assert.java:1037)
at org.testng.Assert.assertEqualsImpl(Assert.java:140)
at org.testng.Assert.assertEquals(Assert.java:122)
at org.testng.Assert.assertEquals(Assert.java:629)
at org.testng.Assert.assertEquals(Assert.java:639)
at tests.TwoInputTest.startDemoTwoInputs(TwoInputTest.java:57)
at sun.reflect.NativeMethodAccessorImpl.invoke0(Native Method)
at sun.reflect.NativeMethodAccessorImpl.invoke(NativeMethodAccessorImpl.java:62)
at sun.reflect.DelegatingMethodAccessorImpl.invoke(DelegatingMethodAccessorImpl.java:43)
at java.lang.reflect.Method.invoke(Method.java:498)
at org.testng.internal.MethodInvocationHelper.invokeMethod(MethodInvocationHelper.java:132)
at org.testng.internal.TestInvoker.invokeMethod(TestInvoker.java:599)
at org.testng.internal.TestInvoker.invokeTestMethod(TestInvoker.java:174)
at org.testng.internal.MethodRunner.runInSequence(MethodRunner.java:46)
at org.testng.internal.TestInvoker$MethodInvocationAgent.invoke(TestInvoker.java:822)
at org.testng.internal.TestInvoker.invokeTestMethods(TestInvoker.java:147)
at org.testng.internal.TestMethodWorker.invokeTestMethods(TestMethodWorker.java:146)
at org.testng.internal.TestMethodWorker.run(TestMethodWorker.java:128)
at java.util.ArrayList.forEach(ArrayList.java:1257)
at org.testng.TestRunner.privateRun(TestRunner.java:764)
at org.testng.TestRunner.run(TestRunner.java:585)
at org.testng.SuiteRunner.runTest(SuiteRunner.java:384)
at org.testng.SuiteRunner.runSequentially(SuiteRunner.java:378)
at org.testng.SuiteRunner.privateRun(SuiteRunner.java:337)
at org.testng.SuiteRunner.run(SuiteRunner.java:286)
at org.testng.SuiteRunnerWorker.runSuite(SuiteRunnerWorker.java:53)
at org.testng.SuiteRunnerWorker.run(SuiteRunnerWorker.java:96)
at org.testng.TestNG.runSuitesSequentially(TestNG.java:1218)
at org.testng.TestNG.runSuitesLocally(TestNG.java:1140)
at org.testng.TestNG.runSuites(TestNG.java:1069)
at org.testng.TestNG.run(TestNG.java:1037)
at org.testng.remote.AbstractRemoteTestNG.run(AbstractRemoteTestNG.java:115)
at org.testng.remote.RemoteTestNG.initAndRun(RemoteTestNG.java:251)
at org.testng.remote.RemoteTestNG.main(RemoteTestNG.java:77)
]]>
            </full-stacktrace>
          </exception> <!-- java.lang.AssertionError -->
          <reporter-output>
          </reporter-output>
        </test-method> <!-- startDemoTwoInputs -->
        <test-method status="PASS" signature="tearDown()[pri:0, instance:tests.TwoInputTest@6b57696f]" name="tearDown" is-config="true" duration-ms="835" started-at="2020-08-23T20:58:42 IST" finished-at="2020-08-23T20:58:43 IST">
          <reporter-output>
          </reporter-output>
        </test-method> <!-- tearDown -->
      </class> <!-- tests.TwoInputTest -->
      <class name="tests.SingleInputTest">
        <test-method status="PASS" signature="setUp()[pri:0, instance:tests.SingleInputTest@58c1670b]" name="setUp" is-config="true" duration-ms="7551" started-at="2020-08-23T20:56:40 IST" finished-at="2020-08-23T20:56:48 IST">
          <reporter-output>
          </reporter-output>
        </test-method> <!-- setUp -->
        <test-method status="PASS" signature="startDemoSingleInput()[pri:3, instance:tests.SingleInputTest@58c1670b]" name="startDemoSingleInput" duration-ms="56462" started-at="2020-08-23T20:56:48 IST" finished-at="2020-08-23T20:57:45 IST">
          <reporter-output>
          </reporter-output>
        </test-method> <!-- startDemoSingleInput -->
        <test-method status="PASS" signature="tearDown()[pri:0, instance:tests.SingleInputTest@58c1670b]" name="tearDown" is-config="true" duration-ms="716" started-at="2020-08-23T20:57:45 IST" finished-at="2020-08-23T20:57:45 IST">
          <reporter-output>
          </reporter-output>
        </test-method> <!-- tearDown -->
      </class> <!-- tests.SingleInputTest -->
      <class name="tests.MultipleCheckboxTest">
        <test-method status="PASS" signature="setUp()[pri:0, instance:tests.MultipleCheckboxTest@7ce6a65d]" name="setUp" is-config="true" duration-ms="6105" started-at="2020-08-23T21:06:21 IST" finished-at="2020-08-23T21:06:27 IST">
          <reporter-output>
          </reporter-output>
        </test-method> <!-- setUp -->
        <test-method status="PASS" signature="multipleCheckboxDemo()[pri:6, instance:tests.MultipleCheckboxTest@7ce6a65d]" name="multipleCheckboxDemo" duration-ms="27401" started-at="2020-08-23T21:06:27 IST" finished-at="2020-08-23T21:06:55 IST">
          <reporter-output>
          </reporter-output>
        </test-method> <!-- multipleCheckboxDemo -->
        <test-method status="PASS" signature="tearDown()[pri:0, instance:tests.MultipleCheckboxTest@7ce6a65d]" name="tearDown" is-config="true" duration-ms="649" started-at="2020-08-23T21:06:55 IST" finished-at="2020-08-23T21:06:55 IST">
          <reporter-output>
          </reporter-output>
        </test-method> <!-- tearDown -->
      </class> <!-- tests.MultipleCheckboxTest -->
    </test> <!-- Test -->
  </suite> <!-- All Test Suite -->
</testng-results>
